<?xml version="1.0" encoding="UTF-8"?>
<!-- Generated by org.testng.reporters.JUnitXMLReporter -->
<testsuite ignored="2" hostname="DESKTOP-BFKP7EA" failures="1" tests="1" name="Default test(failed)" time="10.335" errors="0" timestamp="13 Apr 2024 06:48:47 GMT">
  <testcase classname="memberloginmethod.memberregisterfuncationality" name="registerpage" time="2.393">
    <failure type="org.openqa.selenium.ElementClickInterceptedException" message="element click intercepted: Element &amp;lt;button type=&amp;quot;submit&amp;quot; id=&amp;quot;btnemployeeRegister&amp;quot; class=&amp;quot;btn btn-warning btn-block btn-sm&amp;quot;&amp;gt;...&amp;lt;/button&amp;gt; is not clickable at point (765, 616). Other element would receive the click: &amp;lt;div class=&amp;quot;text-center p-4&amp;quot; style=&amp;quot;background-color: rgba(0, 0, 0, 0.05);&amp;quot;&amp;gt;...&amp;lt;/div&amp;gt;
  (Session info: chrome=123.0.6312.107)
Build info: version: &amp;apos;4.18.1&amp;apos;, revision: &amp;apos;b1d3319b48&amp;apos;
System info: os.name: &amp;apos;Windows 11&amp;apos;, os.arch: &amp;apos;amd64&amp;apos;, os.version: &amp;apos;10.0&amp;apos;, java.version: &amp;apos;21.0.2&amp;apos;
Driver info: org.openqa.selenium.chrome.ChromeDriver
Command: [8f1b6f8038c4ec8f42a8924cfba0b3e9, clickElement {id=f.9871C5EFEF24207AD61F104D425EBCA8.d.49C1469AABCB2B63F02D1949003877ED.e.27}]
Capabilities {acceptInsecureCerts: false, browserName: chrome, browserVersion: 123.0.6312.107, chrome: {chromedriverVersion: 123.0.6312.122 (31f8248cdd9..., userDataDir: C:\Users\LENOVO\AppData\Loc...}, fedcm:accounts: true, goog:chromeOptions: {debuggerAddress: localhost:50882}, networkConnectionEnabled: false, pageLoadStrategy: normal, platformName: windows, proxy: Proxy(), se:cdp: ws://localhost:50882/devtoo..., se:cdpVersion: 123.0.6312.107, setWindowRect: true, strictFileInteractability: false, timeouts: {implicit: 0, pageLoad: 300000, script: 30000}, unhandledPromptBehavior: dismiss and notify, webauthn:extension:credBlob: true, webauthn:extension:largeBlob: true, webauthn:extension:minPinLength: true, webauthn:extension:prf: true, webauthn:virtualAuthenticators: true}
Element: [[ChromeDriver: chrome on windows (8f1b6f8038c4ec8f42a8924cfba0b3e9)] -&amp;gt; xpath: //button[@id=&amp;apos;btnemployeeRegister&amp;apos;]]
Session ID: 8f1b6f8038c4ec8f42a8924cfba0b3e9">
      <![CDATA[org.openqa.selenium.ElementClickInterceptedException: element click intercepted: Element <button type="submit" id="btnemployeeRegister" class="btn btn-warning btn-block btn-sm">...</button> is not clickable at point (765, 616). Other element would receive the click: <div class="text-center p-4" style="background-color: rgba(0, 0, 0, 0.05);">...</div>
  (Session info: chrome=123.0.6312.107)
Build info: version: '4.18.1', revision: 'b1d3319b48'
System info: os.name: 'Windows 11', os.arch: 'amd64', os.version: '10.0', java.version: '21.0.2'
Driver info: org.openqa.selenium.chrome.ChromeDriver
Command: [8f1b6f8038c4ec8f42a8924cfba0b3e9, clickElement {id=f.9871C5EFEF24207AD61F104D425EBCA8.d.49C1469AABCB2B63F02D1949003877ED.e.27}]
Capabilities {acceptInsecureCerts: false, browserName: chrome, browserVersion: 123.0.6312.107, chrome: {chromedriverVersion: 123.0.6312.122 (31f8248cdd9..., userDataDir: C:\Users\LENOVO\AppData\Loc...}, fedcm:accounts: true, goog:chromeOptions: {debuggerAddress: localhost:50882}, networkConnectionEnabled: false, pageLoadStrategy: normal, platformName: windows, proxy: Proxy(), se:cdp: ws://localhost:50882/devtoo..., se:cdpVersion: 123.0.6312.107, setWindowRect: true, strictFileInteractability: false, timeouts: {implicit: 0, pageLoad: 300000, script: 30000}, unhandledPromptBehavior: dismiss and notify, webauthn:extension:credBlob: true, webauthn:extension:largeBlob: true, webauthn:extension:minPinLength: true, webauthn:extension:prf: true, webauthn:virtualAuthenticators: true}
Element: [[ChromeDriver: chrome on windows (8f1b6f8038c4ec8f42a8924cfba0b3e9)] -> xpath: //button[@id='btnemployeeRegister']]
Session ID: 8f1b6f8038c4ec8f42a8924cfba0b3e9
	at org.openqa.selenium.remote.ErrorCodec.decode(ErrorCodec.java:167)
	at org.openqa.selenium.remote.codec.w3c.W3CHttpResponseCodec.decode(W3CHttpResponseCodec.java:138)
	at org.openqa.selenium.remote.codec.w3c.W3CHttpResponseCodec.decode(W3CHttpResponseCodec.java:50)
	at org.openqa.selenium.remote.HttpCommandExecutor.execute(HttpCommandExecutor.java:190)
	at org.openqa.selenium.remote.service.DriverCommandExecutor.invokeExecute(DriverCommandExecutor.java:216)
	at org.openqa.selenium.remote.service.DriverCommandExecutor.execute(DriverCommandExecutor.java:174)
	at org.openqa.selenium.remote.RemoteWebDriver.execute(RemoteWebDriver.java:519)
	at org.openqa.selenium.remote.RemoteWebElement.execute(RemoteWebElement.java:223)
	at org.openqa.selenium.remote.RemoteWebElement.click(RemoteWebElement.java:76)
	at memberloginmethod.memberregisterfuncationality.registerpage(memberregisterfuncationality.java:61)
... Removed 26 stack frames]]>
    </failure>
  </testcase> <!-- registerpage -->
  <testcase classname="memberloginmethod.memberregisterfuncationality" name="verifyvalidation" time="0.0">
    <ignored/>
  </testcase> <!-- verifyvalidation -->
  <testcase classname="memberloginmethod.memberregisterfuncationality" name="pagetitle" time="0.0">
    <ignored/>
  </testcase> <!-- pagetitle -->
</testsuite> <!-- Default test(failed) -->
