<?xml version="1.0" encoding="UTF-8"?>
<!-- Generated by org.testng.reporters.JUnitXMLReporter -->
<testsuite ignored="0" hostname="DESKTOP-BFKP7EA" failures="1" tests="2" name="Test" time="11.97" errors="0" timestamp="18 Apr 2024 07:11:50 GMT">
  <testcase classname="testcase.loginpagefunctionality" name="manuallogin" time="0.734"/>
  <testcase classname="testcase.loginpagefunctionality" name="dashboard" time="6.383">
    <failure type="java.lang.IllegalArgumentException" message="Cannot find elements when the class name expression is null.">
      <![CDATA[java.lang.IllegalArgumentException: Cannot find elements when the class name expression is null.
	at org.openqa.selenium.internal.Require$ArgumentChecker.nonNull(Require.java:207)
	at org.openqa.selenium.By$ByClassName.<init>(By.java:305)
	at org.openqa.selenium.By.className(By.java:100)
	at testcase.refreshicons.refresh(refreshicons.java:17)
	at testcase.loginpagefunctionality.dashboard(loginpagefunctionality.java:36)
	at java.base/java.util.concurrent.ThreadPoolExecutor.runWorker(ThreadPoolExecutor.java:1144)
	at java.base/java.util.concurrent.ThreadPoolExecutor$Worker.run(ThreadPoolExecutor.java:642)
	at java.base/java.lang.Thread.run(Thread.java:1583)
... Removed 8 stack frames]]>
    </failure>
  </testcase> <!-- dashboard -->
</testsuite> <!-- Test -->
